<?xml version="1.0" encoding="UTF-8"?>
<!-- Generated by org.testng.reporters.JUnitXMLReporter -->
<testsuite hostname="Gawhari" ignored="3" tests="0" failures="0" timestamp="08 Jul 2020 00:20:44 GMT" time="0.006" errors="0">
  <testcase name="checkTitle" time="0.0" classname="tests.TestNGConcepts">
    <ignored/>
  </testcase> <!-- checkTitle -->
  <testcase name="homepage" time="0.0" classname="tests.TestNGConcepts">
    <ignored/>
  </testcase> <!-- homepage -->
  <testcase name="signIn" time="0.0" classname="tests.TestNGConcepts">
    <ignored/>
  </testcase> <!-- signIn -->
</testsuite>
